<?xml version="1.0" encoding="UTF-8"?>
<!-- Generated by org.testng.reporters.JUnitReportReporter -->
<testsuite hostname="DESKTOP-J12SV51" failures="0" tests="3" name="com.amazon.qa.tests.HomePageTest" time="42.348" errors="0" timestamp="2022-09-08T14:08:55 EDT" skipped="0">
  <testcase classname="com.amazon.qa.tests.HomePageTest" name="verifyHomePageTitleTest" time="15.692"/>
  <system-out/>
  <testcase classname="com.amazon.qa.tests.HomePageTest" name="verifyHelloMansiTest" time="12.298"/>
  <system-out/>
  <testcase classname="com.amazon.qa.tests.HomePageTest" name="verifyBooksLink" time="14.358"/>
  <system-out/>
</testsuite> <!-- com.amazon.qa.tests.HomePageTest -->
