<?xml version="1.0" encoding="UTF-8"?>
<!-- Generated by org.testng.reporters.JUnitReportReporter -->
<testsuite hostname="DESKTOP-J12SV51" failures="0" tests="3" name="com.amazon.qa.tests.LoginPageTest" time="34.988" errors="0" timestamp="2022-09-07T14:53:21 EDT" skipped="0">
  <testcase classname="com.amazon.qa.tests.LoginPageTest" name="loginpageTitleTest" time="11.576"/>
  <system-out/>
  <testcase classname="com.amazon.qa.tests.LoginPageTest" name="AmazonLogoTest" time="9.310"/>
  <system-out/>
  <testcase classname="com.amazon.qa.tests.LoginPageTest" name="loginTest" time="14.102"/>
  <system-out/>
</testsuite> <!-- com.amazon.qa.tests.LoginPageTest -->
